--------------------------------------------------------------------------------
Release 12.2 Trace  (nt64)
Copyright (c) 1995-2010 Xilinx, Inc.  All rights reserved.

C:\Xilinx\12.2\ISE_DS\ISE\bin\nt64\unwrapped\trce.exe -e 3 -xml system.twx
system.ncd system.pcf

Design file:              system.ncd
Physical constraint file: system.pcf
Device,package,speed:     xc5vlx110t,ff1136,-1 (PRODUCTION 1.70 2010-06-22, STEPPING level 0)
Report level:             error report

Environment Variable      Effect 
--------------------      ------ 
NONE                      No environment variables were set
--------------------------------------------------------------------------------

INFO:Timing:3386 - Intersecting Constraints found and resolved.  For more 
   information, see the TSI report.  Please consult the Xilinx Command Line 
   Tools User Guide for information on generating a TSI report.
INFO:Timing:2752 - To get complete path coverage, use the unconstrained paths 
   option. All paths that are not constrained will be reported in the 
   unconstrained paths section(s) of the report.
INFO:Timing:3339 - The clock-to-out numbers in this timing report are based on 
   a 50 Ohm transmission line loading model.  For the details of this model, 
   and for more information on accounting for different loading conditions, 
   please see the device datasheet.

================================================================================
Timing constraint: NET         
"DDR2_SDRAM/DDR2_SDRAM/mpmc_core_0/gen_v5_ddr2_phy.mpmc_phy_if_0/u_phy_io_0/
en_dqs<7>"         MAXDELAY = 0.6 ns;

 1 net analyzed, 0 failing nets detected.
 0 timing errors detected.
 Maximum net delay is   0.522ns.
--------------------------------------------------------------------------------

================================================================================
Timing constraint: NET         
"DDR2_SDRAM/DDR2_SDRAM/mpmc_core_0/gen_v5_ddr2_phy.mpmc_phy_if_0/u_phy_io_0/
en_dqs<6>"         MAXDELAY = 0.6 ns;

 1 net analyzed, 0 failing nets detected.
 0 timing errors detected.
 Maximum net delay is   0.522ns.
--------------------------------------------------------------------------------

================================================================================
Timing constraint: NET         
"DDR2_SDRAM/DDR2_SDRAM/mpmc_core_0/gen_v5_ddr2_phy.mpmc_phy_if_0/u_phy_io_0/
en_dqs<5>"         MAXDELAY = 0.6 ns;

 1 net analyzed, 0 failing nets detected.
 0 timing errors detected.
 Maximum net delay is   0.522ns.
--------------------------------------------------------------------------------

================================================================================
Timing constraint: NET         
"DDR2_SDRAM/DDR2_SDRAM/mpmc_core_0/gen_v5_ddr2_phy.mpmc_phy_if_0/u_phy_io_0/
en_dqs<4>"         MAXDELAY = 0.6 ns;

 1 net analyzed, 0 failing nets detected.
 0 timing errors detected.
 Maximum net delay is   0.522ns.
--------------------------------------------------------------------------------

================================================================================
Timing constraint: NET         
"DDR2_SDRAM/DDR2_SDRAM/mpmc_core_0/gen_v5_ddr2_phy.mpmc_phy_if_0/u_phy_io_0/
en_dqs<3>"         MAXDELAY = 0.6 ns;

 1 net analyzed, 0 failing nets detected.
 0 timing errors detected.
 Maximum net delay is   0.522ns.
--------------------------------------------------------------------------------

================================================================================
Timing constraint: NET         
"DDR2_SDRAM/DDR2_SDRAM/mpmc_core_0/gen_v5_ddr2_phy.mpmc_phy_if_0/u_phy_io_0/
en_dqs<2>"         MAXDELAY = 0.6 ns;

 1 net analyzed, 0 failing nets detected.
 0 timing errors detected.
 Maximum net delay is   0.522ns.
--------------------------------------------------------------------------------

================================================================================
Timing constraint: NET         
"DDR2_SDRAM/DDR2_SDRAM/mpmc_core_0/gen_v5_ddr2_phy.mpmc_phy_if_0/u_phy_io_0/
en_dqs<1>"         MAXDELAY = 0.6 ns;

 1 net analyzed, 0 failing nets detected.
 0 timing errors detected.
 Maximum net delay is   0.528ns.
--------------------------------------------------------------------------------

================================================================================
Timing constraint: NET         
"DDR2_SDRAM/DDR2_SDRAM/mpmc_core_0/gen_v5_ddr2_phy.mpmc_phy_if_0/u_phy_io_0/
en_dqs<0>"         MAXDELAY = 0.6 ns;

 1 net analyzed, 0 failing nets detected.
 0 timing errors detected.
 Maximum net delay is   0.522ns.
--------------------------------------------------------------------------------

================================================================================
Timing constraint: NET         
"DDR2_SDRAM/DDR2_SDRAM/mpmc_core_0/gen_v5_ddr2_phy.mpmc_phy_if_0/u_phy_io_0/
gen_dqs[7].u_iob_dqs/en_dqs_sync"         MAXDELAY = 0.85 ns;

 1 net analyzed, 0 failing nets detected.
 0 timing errors detected.
 Maximum net delay is   0.803ns.
--------------------------------------------------------------------------------

================================================================================
Timing constraint: NET         
"DDR2_SDRAM/DDR2_SDRAM/mpmc_core_0/gen_v5_ddr2_phy.mpmc_phy_if_0/u_phy_io_0/
gen_dqs[6].u_iob_dqs/en_dqs_sync"         MAXDELAY = 0.85 ns;

 1 net analyzed, 0 failing nets detected.
 0 timing errors detected.
 Maximum net delay is   0.803ns.
--------------------------------------------------------------------------------

================================================================================
Timing constraint: NET         
"DDR2_SDRAM/DDR2_SDRAM/mpmc_core_0/gen_v5_ddr2_phy.mpmc_phy_if_0/u_phy_io_0/
gen_dqs[5].u_iob_dqs/en_dqs_sync"         MAXDELAY = 0.85 ns;

 1 net analyzed, 0 failing nets detected.
 0 timing errors detected.
 Maximum net delay is   0.805ns.
--------------------------------------------------------------------------------

================================================================================
Timing constraint: NET         
"DDR2_SDRAM/DDR2_SDRAM/mpmc_core_0/gen_v5_ddr2_phy.mpmc_phy_if_0/u_phy_io_0/
gen_dqs[4].u_iob_dqs/en_dqs_sync"         MAXDELAY = 0.85 ns;

 1 net analyzed, 0 failing nets detected.
 0 timing errors detected.
 Maximum net delay is   0.803ns.
--------------------------------------------------------------------------------

================================================================================
Timing constraint: NET         
"DDR2_SDRAM/DDR2_SDRAM/mpmc_core_0/gen_v5_ddr2_phy.mpmc_phy_if_0/u_phy_io_0/
gen_dqs[3].u_iob_dqs/en_dqs_sync"         MAXDELAY = 0.85 ns;

 1 net analyzed, 0 failing nets detected.
 0 timing errors detected.
 Maximum net delay is   0.803ns.
--------------------------------------------------------------------------------

================================================================================
Timing constraint: NET         
"DDR2_SDRAM/DDR2_SDRAM/mpmc_core_0/gen_v5_ddr2_phy.mpmc_phy_if_0/u_phy_io_0/
gen_dqs[2].u_iob_dqs/en_dqs_sync"         MAXDELAY = 0.85 ns;

 1 net analyzed, 0 failing nets detected.
 0 timing errors detected.
 Maximum net delay is   0.803ns.
--------------------------------------------------------------------------------

================================================================================
Timing constraint: NET         
"DDR2_SDRAM/DDR2_SDRAM/mpmc_core_0/gen_v5_ddr2_phy.mpmc_phy_if_0/u_phy_io_0/
gen_dqs[1].u_iob_dqs/en_dqs_sync"         MAXDELAY = 0.85 ns;

 1 net analyzed, 0 failing nets detected.
 0 timing errors detected.
 Maximum net delay is   0.805ns.
--------------------------------------------------------------------------------

================================================================================
Timing constraint: NET         
"DDR2_SDRAM/DDR2_SDRAM/mpmc_core_0/gen_v5_ddr2_phy.mpmc_phy_if_0/u_phy_io_0/
gen_dqs[0].u_iob_dqs/en_dqs_sync"         MAXDELAY = 0.85 ns;

 1 net analyzed, 0 failing nets detected.
 0 timing errors detected.
 Maximum net delay is   0.805ns.
--------------------------------------------------------------------------------

================================================================================
Timing constraint: TS_sys_clk_pin = PERIOD TIMEGRP "sys_clk_pin" 100 MHz HIGH 
50%;

 0 paths analyzed, 0 endpoints analyzed, 0 failing endpoints
 0 timing errors detected. (0 component switching limit errors)
 Minimum period is   4.000ns.
--------------------------------------------------------------------------------

================================================================================
Timing constraint: TS_MC_RD_DATA_SEL = MAXDELAY FROM TIMEGRP "TNM_RD_DATA_SEL" 
TO TIMEGRP "FFS"         12 ns;

 384 paths analyzed, 384 endpoints analyzed, 0 failing endpoints
 0 timing errors detected. (0 setup errors, 0 hold errors)
 Maximum delay is   4.200ns.
--------------------------------------------------------------------------------

================================================================================
Timing constraint: TS_MC_PHY_INIT_DATA_SEL_0 = MAXDELAY FROM TIMEGRP 
"TNM_PHY_INIT_DATA_SEL" TO         TIMEGRP "FFS" 12 ns;

 0 paths analyzed, 0 endpoints analyzed, 0 failing endpoints
 0 timing errors detected.
--------------------------------------------------------------------------------

================================================================================
Timing constraint: TS_MC_PHY_INIT_DATA_SEL_90 = MAXDELAY FROM TIMEGRP 
"TNM_PHY_INIT_DATA_SEL" TO         TIMEGRP "FFS" 12 ns;

 36 paths analyzed, 36 endpoints analyzed, 0 failing endpoints
 0 timing errors detected. (0 setup errors, 0 hold errors)
 Maximum delay is   4.144ns.
--------------------------------------------------------------------------------

================================================================================
Timing constraint: TS_MC_GATE_DLY = MAXDELAY FROM TIMEGRP "TNM_GATE_DLY" TO 
TIMEGRP "FFS" 12 ns;

 40 paths analyzed, 40 endpoints analyzed, 0 failing endpoints
 0 timing errors detected. (0 setup errors, 0 hold errors)
 Maximum delay is   3.125ns.
--------------------------------------------------------------------------------

================================================================================
Timing constraint: TS_MC_RDEN_DLY = MAXDELAY FROM TIMEGRP "TNM_RDEN_DLY" TO 
TIMEGRP "FFS" 12 ns;

 5 paths analyzed, 5 endpoints analyzed, 0 failing endpoints
 0 timing errors detected. (0 setup errors, 0 hold errors)
 Maximum delay is   1.874ns.
--------------------------------------------------------------------------------

================================================================================
Timing constraint: TS_MC_CAL_RDEN_DLY = MAXDELAY FROM TIMEGRP 
"TNM_CAL_RDEN_DLY" TO TIMEGRP "FFS"         12 ns;

 5 paths analyzed, 5 endpoints analyzed, 0 failing endpoints
 0 timing errors detected. (0 setup errors, 0 hold errors)
 Maximum delay is   1.871ns.
--------------------------------------------------------------------------------

================================================================================
Timing constraint: TS_DQ_CE = MAXDELAY FROM TIMEGRP "TNM_DQ_CE_IDDR" TO TIMEGRP 
"TNM_DQS_FLOPS"         1.9 ns;

 128 paths analyzed, 64 endpoints analyzed, 0 failing endpoints
 0 timing errors detected. (0 setup errors, 0 hold errors)
 Minimum period is   3.676ns.
 Maximum delay is   1.862ns.
--------------------------------------------------------------------------------

================================================================================
Timing constraint: TS_clock_generator_0_clock_generator_0_SIG_PLL0_CLKOUT0 = 
PERIOD TIMEGRP         "clock_generator_0_clock_generator_0_SIG_PLL0_CLKOUT0" 
TS_sys_clk_pin         * 1.25 PHASE 2 ns HIGH 50%;

 898 paths analyzed, 764 endpoints analyzed, 0 failing endpoints
 0 timing errors detected. (0 setup errors, 0 hold errors, 0 component switching limit errors)
 Minimum period is   5.793ns.
--------------------------------------------------------------------------------

================================================================================
Timing constraint: TS_clock_generator_0_clock_generator_0_SIG_PLL0_CLKOUT1 = 
PERIOD TIMEGRP         "clock_generator_0_clock_generator_0_SIG_PLL0_CLKOUT1" 
TS_sys_clk_pin         * 1.25 HIGH 50%;

 233083 paths analyzed, 15533 endpoints analyzed, 0 failing endpoints
 0 timing errors detected. (0 setup errors, 0 hold errors, 0 component switching limit errors)
 Minimum period is   7.755ns.
--------------------------------------------------------------------------------

================================================================================
Timing constraint: TS_clock_generator_0_clock_generator_0_SIG_PLL0_CLKOUT3 = 
PERIOD TIMEGRP         "clock_generator_0_clock_generator_0_SIG_PLL0_CLKOUT3" 
TS_sys_clk_pin         * 0.625 HIGH 50%;

 11076 paths analyzed, 4203 endpoints analyzed, 0 failing endpoints
 0 timing errors detected. (0 setup errors, 0 hold errors, 0 component switching limit errors)
 Minimum period is  11.152ns.
--------------------------------------------------------------------------------


Derived Constraint Report
Derived Constraints for TS_sys_clk_pin
+-------------------------------+-------------+-------------+-------------+-------------+-------------+-------------+-------------+
|                               |   Period    |       Actual Period       |      Timing Errors        |      Paths Analyzed       |
|           Constraint          | Requirement |-------------+-------------|-------------+-------------|-------------+-------------|
|                               |             |   Direct    | Derivative  |   Direct    | Derivative  |   Direct    | Derivative  |
+-------------------------------+-------------+-------------+-------------+-------------+-------------+-------------+-------------+
|TS_sys_clk_pin                 |     10.000ns|      4.000ns|      9.694ns|            0|            0|            0|       245057|
| TS_clock_generator_0_clock_gen|      8.000ns|      5.793ns|          N/A|            0|            0|          898|            0|
| erator_0_SIG_PLL0_CLKOUT0     |             |             |             |             |             |             |             |
| TS_clock_generator_0_clock_gen|      8.000ns|      7.755ns|          N/A|            0|            0|       233083|            0|
| erator_0_SIG_PLL0_CLKOUT1     |             |             |             |             |             |             |             |
| TS_clock_generator_0_clock_gen|     16.000ns|     11.152ns|          N/A|            0|            0|        11076|            0|
| erator_0_SIG_PLL0_CLKOUT3     |             |             |             |             |             |             |             |
+-------------------------------+-------------+-------------+-------------+-------------+-------------+-------------+-------------+

All constraints were met.


Data Sheet report:
-----------------
All values displayed in nanoseconds (ns)

Clock to Setup on destination clock fpga_0_DDR2_SDRAM_DDR2_DQS_n_pin<0>
-----------------------------------+---------+---------+---------+---------+
                                   | Src:Rise| Src:Fall| Src:Rise| Src:Fall|
Source Clock                       |Dest:Rise|Dest:Rise|Dest:Fall|Dest:Fall|
-----------------------------------+---------+---------+---------+---------+
fpga_0_DDR2_SDRAM_DDR2_DQS_n_pin<0>|         |    1.797|         |    1.821|
fpga_0_DDR2_SDRAM_DDR2_DQS_pin<0>  |         |    1.797|         |    1.821|
-----------------------------------+---------+---------+---------+---------+

Clock to Setup on destination clock fpga_0_DDR2_SDRAM_DDR2_DQS_n_pin<1>
-----------------------------------+---------+---------+---------+---------+
                                   | Src:Rise| Src:Fall| Src:Rise| Src:Fall|
Source Clock                       |Dest:Rise|Dest:Rise|Dest:Fall|Dest:Fall|
-----------------------------------+---------+---------+---------+---------+
fpga_0_DDR2_SDRAM_DDR2_DQS_n_pin<1>|         |    1.764|         |    1.788|
fpga_0_DDR2_SDRAM_DDR2_DQS_pin<1>  |         |    1.764|         |    1.788|
-----------------------------------+---------+---------+---------+---------+

Clock to Setup on destination clock fpga_0_DDR2_SDRAM_DDR2_DQS_n_pin<2>
-----------------------------------+---------+---------+---------+---------+
                                   | Src:Rise| Src:Fall| Src:Rise| Src:Fall|
Source Clock                       |Dest:Rise|Dest:Rise|Dest:Fall|Dest:Fall|
-----------------------------------+---------+---------+---------+---------+
fpga_0_DDR2_SDRAM_DDR2_DQS_n_pin<2>|         |    1.775|         |    1.799|
fpga_0_DDR2_SDRAM_DDR2_DQS_pin<2>  |         |    1.775|         |    1.799|
-----------------------------------+---------+---------+---------+---------+

Clock to Setup on destination clock fpga_0_DDR2_SDRAM_DDR2_DQS_n_pin<3>
-----------------------------------+---------+---------+---------+---------+
                                   | Src:Rise| Src:Fall| Src:Rise| Src:Fall|
Source Clock                       |Dest:Rise|Dest:Rise|Dest:Fall|Dest:Fall|
-----------------------------------+---------+---------+---------+---------+
fpga_0_DDR2_SDRAM_DDR2_DQS_n_pin<3>|         |    1.673|         |    1.697|
fpga_0_DDR2_SDRAM_DDR2_DQS_pin<3>  |         |    1.673|         |    1.697|
-----------------------------------+---------+---------+---------+---------+

Clock to Setup on destination clock fpga_0_DDR2_SDRAM_DDR2_DQS_n_pin<4>
-----------------------------------+---------+---------+---------+---------+
                                   | Src:Rise| Src:Fall| Src:Rise| Src:Fall|
Source Clock                       |Dest:Rise|Dest:Rise|Dest:Fall|Dest:Fall|
-----------------------------------+---------+---------+---------+---------+
fpga_0_DDR2_SDRAM_DDR2_DQS_n_pin<4>|         |    1.787|         |    1.811|
fpga_0_DDR2_SDRAM_DDR2_DQS_pin<4>  |         |    1.787|         |    1.811|
-----------------------------------+---------+---------+---------+---------+

Clock to Setup on destination clock fpga_0_DDR2_SDRAM_DDR2_DQS_n_pin<5>
-----------------------------------+---------+---------+---------+---------+
                                   | Src:Rise| Src:Fall| Src:Rise| Src:Fall|
Source Clock                       |Dest:Rise|Dest:Rise|Dest:Fall|Dest:Fall|
-----------------------------------+---------+---------+---------+---------+
fpga_0_DDR2_SDRAM_DDR2_DQS_n_pin<5>|         |    1.838|         |    1.862|
fpga_0_DDR2_SDRAM_DDR2_DQS_pin<5>  |         |    1.838|         |    1.862|
-----------------------------------+---------+---------+---------+---------+

Clock to Setup on destination clock fpga_0_DDR2_SDRAM_DDR2_DQS_n_pin<6>
-----------------------------------+---------+---------+---------+---------+
                                   | Src:Rise| Src:Fall| Src:Rise| Src:Fall|
Source Clock                       |Dest:Rise|Dest:Rise|Dest:Fall|Dest:Fall|
-----------------------------------+---------+---------+---------+---------+
fpga_0_DDR2_SDRAM_DDR2_DQS_n_pin<6>|         |    1.798|         |    1.822|
fpga_0_DDR2_SDRAM_DDR2_DQS_pin<6>  |         |    1.798|         |    1.822|
-----------------------------------+---------+---------+---------+---------+

Clock to Setup on destination clock fpga_0_DDR2_SDRAM_DDR2_DQS_n_pin<7>
-----------------------------------+---------+---------+---------+---------+
                                   | Src:Rise| Src:Fall| Src:Rise| Src:Fall|
Source Clock                       |Dest:Rise|Dest:Rise|Dest:Fall|Dest:Fall|
-----------------------------------+---------+---------+---------+---------+
fpga_0_DDR2_SDRAM_DDR2_DQS_n_pin<7>|         |    1.817|         |    1.841|
fpga_0_DDR2_SDRAM_DDR2_DQS_pin<7>  |         |    1.817|         |    1.841|
-----------------------------------+---------+---------+---------+---------+

Clock to Setup on destination clock fpga_0_DDR2_SDRAM_DDR2_DQS_pin<0>
-----------------------------------+---------+---------+---------+---------+
                                   | Src:Rise| Src:Fall| Src:Rise| Src:Fall|
Source Clock                       |Dest:Rise|Dest:Rise|Dest:Fall|Dest:Fall|
-----------------------------------+---------+---------+---------+---------+
fpga_0_DDR2_SDRAM_DDR2_DQS_n_pin<0>|         |    1.797|         |    1.821|
fpga_0_DDR2_SDRAM_DDR2_DQS_pin<0>  |         |    1.797|         |    1.821|
-----------------------------------+---------+---------+---------+---------+

Clock to Setup on destination clock fpga_0_DDR2_SDRAM_DDR2_DQS_pin<1>
-----------------------------------+---------+---------+---------+---------+
                                   | Src:Rise| Src:Fall| Src:Rise| Src:Fall|
Source Clock                       |Dest:Rise|Dest:Rise|Dest:Fall|Dest:Fall|
-----------------------------------+---------+---------+---------+---------+
fpga_0_DDR2_SDRAM_DDR2_DQS_n_pin<1>|         |    1.764|         |    1.788|
fpga_0_DDR2_SDRAM_DDR2_DQS_pin<1>  |         |    1.764|         |    1.788|
-----------------------------------+---------+---------+---------+---------+

Clock to Setup on destination clock fpga_0_DDR2_SDRAM_DDR2_DQS_pin<2>
-----------------------------------+---------+---------+---------+---------+
                                   | Src:Rise| Src:Fall| Src:Rise| Src:Fall|
Source Clock                       |Dest:Rise|Dest:Rise|Dest:Fall|Dest:Fall|
-----------------------------------+---------+---------+---------+---------+
fpga_0_DDR2_SDRAM_DDR2_DQS_n_pin<2>|         |    1.775|         |    1.799|
fpga_0_DDR2_SDRAM_DDR2_DQS_pin<2>  |         |    1.775|         |    1.799|
-----------------------------------+---------+---------+---------+---------+

Clock to Setup on destination clock fpga_0_DDR2_SDRAM_DDR2_DQS_pin<3>
-----------------------------------+---------+---------+---------+---------+
                                   | Src:Rise| Src:Fall| Src:Rise| Src:Fall|
Source Clock                       |Dest:Rise|Dest:Rise|Dest:Fall|Dest:Fall|
-----------------------------------+---------+---------+---------+---------+
fpga_0_DDR2_SDRAM_DDR2_DQS_n_pin<3>|         |    1.673|         |    1.697|
fpga_0_DDR2_SDRAM_DDR2_DQS_pin<3>  |         |    1.673|         |    1.697|
-----------------------------------+---------+---------+---------+---------+

Clock to Setup on destination clock fpga_0_DDR2_SDRAM_DDR2_DQS_pin<4>
-----------------------------------+---------+---------+---------+---------+
                                   | Src:Rise| Src:Fall| Src:Rise| Src:Fall|
Source Clock                       |Dest:Rise|Dest:Rise|Dest:Fall|Dest:Fall|
-----------------------------------+---------+---------+---------+---------+
fpga_0_DDR2_SDRAM_DDR2_DQS_n_pin<4>|         |    1.787|         |    1.811|
fpga_0_DDR2_SDRAM_DDR2_DQS_pin<4>  |         |    1.787|         |    1.811|
-----------------------------------+---------+---------+---------+---------+

Clock to Setup on destination clock fpga_0_DDR2_SDRAM_DDR2_DQS_pin<5>
-----------------------------------+---------+---------+---------+---------+
                                   | Src:Rise| Src:Fall| Src:Rise| Src:Fall|
Source Clock                       |Dest:Rise|Dest:Rise|Dest:Fall|Dest:Fall|
-----------------------------------+---------+---------+---------+---------+
fpga_0_DDR2_SDRAM_DDR2_DQS_n_pin<5>|         |    1.838|         |    1.862|
fpga_0_DDR2_SDRAM_DDR2_DQS_pin<5>  |         |    1.838|         |    1.862|
-----------------------------------+---------+---------+---------+---------+

Clock to Setup on destination clock fpga_0_DDR2_SDRAM_DDR2_DQS_pin<6>
-----------------------------------+---------+---------+---------+---------+
                                   | Src:Rise| Src:Fall| Src:Rise| Src:Fall|
Source Clock                       |Dest:Rise|Dest:Rise|Dest:Fall|Dest:Fall|
-----------------------------------+---------+---------+---------+---------+
fpga_0_DDR2_SDRAM_DDR2_DQS_n_pin<6>|         |    1.798|         |    1.822|
fpga_0_DDR2_SDRAM_DDR2_DQS_pin<6>  |         |    1.798|         |    1.822|
-----------------------------------+---------+---------+---------+---------+

Clock to Setup on destination clock fpga_0_DDR2_SDRAM_DDR2_DQS_pin<7>
-----------------------------------+---------+---------+---------+---------+
                                   | Src:Rise| Src:Fall| Src:Rise| Src:Fall|
Source Clock                       |Dest:Rise|Dest:Rise|Dest:Fall|Dest:Fall|
-----------------------------------+---------+---------+---------+---------+
fpga_0_DDR2_SDRAM_DDR2_DQS_n_pin<7>|         |    1.817|         |    1.841|
fpga_0_DDR2_SDRAM_DDR2_DQS_pin<7>  |         |    1.817|         |    1.841|
-----------------------------------+---------+---------+---------+---------+

Clock to Setup on destination clock fpga_0_clk_1_sys_clk_pin
------------------------+---------+---------+---------+---------+
                        | Src:Rise| Src:Fall| Src:Rise| Src:Fall|
Source Clock            |Dest:Rise|Dest:Rise|Dest:Fall|Dest:Fall|
------------------------+---------+---------+---------+---------+
fpga_0_clk_1_sys_clk_pin|    8.657|    2.582|    4.345|    3.642|
------------------------+---------+---------+---------+---------+


Timing summary:
---------------

Timing errors: 0  Score: 0  (Setup/Max: 0, Hold: 0)

Constraints cover 245655 paths, 16 nets, and 26060 connections

Design statistics:
   Minimum period:  11.152ns   (Maximum frequency:  89.670MHz)
   Maximum path delay from/to any node:   4.200ns
   Maximum net delay:   0.805ns


Analysis completed Thu Dec 13 11:22:24 2012 
--------------------------------------------------------------------------------

Trace Settings:
-------------------------
Trace Settings 

Peak Memory Usage: 531 MB



